<?xml version="1.0" encoding="UTF-8"?>
<testsuite xmlns:xsi="http://www.w3.org/2001/XMLSchema-instance" xsi:noNamespaceSchemaLocation="https://maven.apache.org/surefire/maven-surefire-plugin/xsd/surefire-test-report-3.0.xsd" version="3.0" name="TestSuite" time="22.655" tests="20" errors="0" skipped="10" failures="10">
  <properties>
    <property name="sun.desktop" value="windows"/>
    <property name="awt.toolkit" value="sun.awt.windows.WToolkit"/>
    <property name="file.encoding.pkg" value="sun.io"/>
    <property name="java.specification.version" value="1.8"/>
    <property name="webdriver.chrome.driver" value="C:\Users\Mohamed\eclipse-workspace\HrmFramework//src//test//resources//drivers//chromedriver.exe"/>
    <property name="sun.cpu.isalist" value="amd64"/>
    <property name="sun.jnu.encoding" value="Cp1252"/>
    <property name="java.class.path" value="C:\Users\Mohamed\eclipse-workspace\HrmFramework\target\test-classes;C:\Users\Mohamed\eclipse-workspace\HrmFramework\target\classes;C:\Users\Mohamed\.m2\repository\log4j\log4j\1.2.17\log4j-1.2.17.jar;C:\Users\Mohamed\.m2\repository\org\seleniumhq\selenium\selenium-java\3.141.59\selenium-java-3.141.59.jar;C:\Users\Mohamed\.m2\repository\org\seleniumhq\selenium\selenium-api\3.141.59\selenium-api-3.141.59.jar;C:\Users\Mohamed\.m2\repository\org\seleniumhq\selenium\selenium-chrome-driver\3.141.59\selenium-chrome-driver-3.141.59.jar;C:\Users\Mohamed\.m2\repository\org\seleniumhq\selenium\selenium-edge-driver\3.141.59\selenium-edge-driver-3.141.59.jar;C:\Users\Mohamed\.m2\repository\org\seleniumhq\selenium\selenium-firefox-driver\3.141.59\selenium-firefox-driver-3.141.59.jar;C:\Users\Mohamed\.m2\repository\org\seleniumhq\selenium\selenium-ie-driver\3.141.59\selenium-ie-driver-3.141.59.jar;C:\Users\Mohamed\.m2\repository\org\seleniumhq\selenium\selenium-opera-driver\3.141.59\selenium-opera-driver-3.141.59.jar;C:\Users\Mohamed\.m2\repository\org\seleniumhq\selenium\selenium-remote-driver\3.141.59\selenium-remote-driver-3.141.59.jar;C:\Users\Mohamed\.m2\repository\org\seleniumhq\selenium\selenium-safari-driver\3.141.59\selenium-safari-driver-3.141.59.jar;C:\Users\Mohamed\.m2\repository\org\seleniumhq\selenium\selenium-support\3.141.59\selenium-support-3.141.59.jar;C:\Users\Mohamed\.m2\repository\net\bytebuddy\byte-buddy\1.8.15\byte-buddy-1.8.15.jar;C:\Users\Mohamed\.m2\repository\org\apache\commons\commons-exec\1.3\commons-exec-1.3.jar;C:\Users\Mohamed\.m2\repository\com\google\guava\guava\25.0-jre\guava-25.0-jre.jar;C:\Users\Mohamed\.m2\repository\com\google\code\findbugs\jsr305\1.3.9\jsr305-1.3.9.jar;C:\Users\Mohamed\.m2\repository\org\checkerframework\checker-compat-qual\2.0.0\checker-compat-qual-2.0.0.jar;C:\Users\Mohamed\.m2\repository\com\google\errorprone\error_prone_annotations\2.1.3\error_prone_annotations-2.1.3.jar;C:\Users\Mohamed\.m2\repository\com\google\j2objc\j2objc-annotations\1.1\j2objc-annotations-1.1.jar;C:\Users\Mohamed\.m2\repository\org\codehaus\mojo\animal-sniffer-annotations\1.14\animal-sniffer-annotations-1.14.jar;C:\Users\Mohamed\.m2\repository\com\squareup\okhttp3\okhttp\3.11.0\okhttp-3.11.0.jar;C:\Users\Mohamed\.m2\repository\com\squareup\okio\okio\1.14.0\okio-1.14.0.jar;C:\Users\Mohamed\.m2\repository\org\testng\testng\7.1.0\testng-7.1.0.jar;C:\Users\Mohamed\.m2\repository\com\beust\jcommander\1.72\jcommander-1.72.jar;C:\Users\Mohamed\.m2\repository\com\google\inject\guice\4.1.0\guice-4.1.0-no_aop.jar;C:\Users\Mohamed\.m2\repository\javax\inject\javax.inject\1\javax.inject-1.jar;C:\Users\Mohamed\.m2\repository\aopalliance\aopalliance\1.0\aopalliance-1.0.jar;C:\Users\Mohamed\.m2\repository\org\yaml\snakeyaml\1.21\snakeyaml-1.21.jar;C:\Users\Mohamed\.m2\repository\org\apache\poi\poi-ooxml\4.1.2\poi-ooxml-4.1.2.jar;C:\Users\Mohamed\.m2\repository\org\apache\poi\poi\4.1.2\poi-4.1.2.jar;C:\Users\Mohamed\.m2\repository\commons-codec\commons-codec\1.13\commons-codec-1.13.jar;C:\Users\Mohamed\.m2\repository\org\apache\commons\commons-collections4\4.4\commons-collections4-4.4.jar;C:\Users\Mohamed\.m2\repository\org\apache\commons\commons-math3\3.6.1\commons-math3-3.6.1.jar;C:\Users\Mohamed\.m2\repository\com\zaxxer\SparseBitSet\1.2\SparseBitSet-1.2.jar;C:\Users\Mohamed\.m2\repository\org\apache\poi\poi-ooxml-schemas\4.1.2\poi-ooxml-schemas-4.1.2.jar;C:\Users\Mohamed\.m2\repository\org\apache\xmlbeans\xmlbeans\3.1.0\xmlbeans-3.1.0.jar;C:\Users\Mohamed\.m2\repository\org\apache\commons\commons-compress\1.19\commons-compress-1.19.jar;C:\Users\Mohamed\.m2\repository\com\github\virtuald\curvesapi\1.06\curvesapi-1.06.jar;C:\Users\Mohamed\.m2\repository\commons-io\commons-io\2.6\commons-io-2.6.jar;C:\Users\Mohamed\.m2\repository\com\aventstack\extentreports\4.0.9\extentreports-4.0.9.jar;C:\Users\Mohamed\.m2\repository\org\freemarker\freemarker\2.3.23\freemarker-2.3.23.jar;C:\Users\Mohamed\.m2\repository\org\mongodb\mongodb-driver\3.3.0\mongodb-driver-3.3.0.jar;C:\Users\Mohamed\.m2\repository\org\mongodb\mongodb-driver-core\3.3.0\mongodb-driver-core-3.3.0.jar;C:\Users\Mohamed\.m2\repository\org\mongodb\bson\3.3.0\bson-3.3.0.jar;C:\Users\Mohamed\.m2\repository\org\apache\httpcomponents\httpclient\4.5.2\httpclient-4.5.2.jar;C:\Users\Mohamed\.m2\repository\org\apache\httpcomponents\httpcore\4.4.4\httpcore-4.4.4.jar;C:\Users\Mohamed\.m2\repository\commons-logging\commons-logging\1.2\commons-logging-1.2.jar;C:\Users\Mohamed\.m2\repository\org\apache\httpcomponents\httpmime\4.5.2\httpmime-4.5.2.jar;C:\Users\Mohamed\.m2\repository\com\google\code\gson\gson\2.8.5\gson-2.8.5.jar;"/>
    <property name="java.vm.vendor" value="Oracle Corporation"/>
    <property name="sun.arch.data.model" value="64"/>
    <property name="user.variant" value=""/>
    <property name="java.vendor.url" value="http://java.oracle.com/"/>
    <property name="user.timezone" value="America/New_York"/>
    <property name="java.vm.specification.version" value="1.8"/>
    <property name="os.name" value="Windows 10"/>
    <property name="user.country" value="US"/>
    <property name="sun.java.launcher" value="SUN_STANDARD"/>
    <property name="sun.boot.library.path" value="C:\Program Files\Java\jdk1.8.0_241\jre\bin"/>
    <property name="sun.java.command" value="C:\Users\Mohamed\AppData\Local\Temp\surefire1053391728793943121\surefirebooter3646301666709510930.jar C:\Users\Mohamed\AppData\Local\Temp\surefire1053391728793943121 2020-10-11T17-29-36_763-jvmRun1 surefire3299159149492137396tmp surefire_06077283695480220822tmp"/>
    <property name="surefire.test.class.path" value="C:\Users\Mohamed\eclipse-workspace\HrmFramework\target\test-classes;C:\Users\Mohamed\eclipse-workspace\HrmFramework\target\classes;C:\Users\Mohamed\.m2\repository\log4j\log4j\1.2.17\log4j-1.2.17.jar;C:\Users\Mohamed\.m2\repository\org\seleniumhq\selenium\selenium-java\3.141.59\selenium-java-3.141.59.jar;C:\Users\Mohamed\.m2\repository\org\seleniumhq\selenium\selenium-api\3.141.59\selenium-api-3.141.59.jar;C:\Users\Mohamed\.m2\repository\org\seleniumhq\selenium\selenium-chrome-driver\3.141.59\selenium-chrome-driver-3.141.59.jar;C:\Users\Mohamed\.m2\repository\org\seleniumhq\selenium\selenium-edge-driver\3.141.59\selenium-edge-driver-3.141.59.jar;C:\Users\Mohamed\.m2\repository\org\seleniumhq\selenium\selenium-firefox-driver\3.141.59\selenium-firefox-driver-3.141.59.jar;C:\Users\Mohamed\.m2\repository\org\seleniumhq\selenium\selenium-ie-driver\3.141.59\selenium-ie-driver-3.141.59.jar;C:\Users\Mohamed\.m2\repository\org\seleniumhq\selenium\selenium-opera-driver\3.141.59\selenium-opera-driver-3.141.59.jar;C:\Users\Mohamed\.m2\repository\org\seleniumhq\selenium\selenium-remote-driver\3.141.59\selenium-remote-driver-3.141.59.jar;C:\Users\Mohamed\.m2\repository\org\seleniumhq\selenium\selenium-safari-driver\3.141.59\selenium-safari-driver-3.141.59.jar;C:\Users\Mohamed\.m2\repository\org\seleniumhq\selenium\selenium-support\3.141.59\selenium-support-3.141.59.jar;C:\Users\Mohamed\.m2\repository\net\bytebuddy\byte-buddy\1.8.15\byte-buddy-1.8.15.jar;C:\Users\Mohamed\.m2\repository\org\apache\commons\commons-exec\1.3\commons-exec-1.3.jar;C:\Users\Mohamed\.m2\repository\com\google\guava\guava\25.0-jre\guava-25.0-jre.jar;C:\Users\Mohamed\.m2\repository\com\google\code\findbugs\jsr305\1.3.9\jsr305-1.3.9.jar;C:\Users\Mohamed\.m2\repository\org\checkerframework\checker-compat-qual\2.0.0\checker-compat-qual-2.0.0.jar;C:\Users\Mohamed\.m2\repository\com\google\errorprone\error_prone_annotations\2.1.3\error_prone_annotations-2.1.3.jar;C:\Users\Mohamed\.m2\repository\com\google\j2objc\j2objc-annotations\1.1\j2objc-annotations-1.1.jar;C:\Users\Mohamed\.m2\repository\org\codehaus\mojo\animal-sniffer-annotations\1.14\animal-sniffer-annotations-1.14.jar;C:\Users\Mohamed\.m2\repository\com\squareup\okhttp3\okhttp\3.11.0\okhttp-3.11.0.jar;C:\Users\Mohamed\.m2\repository\com\squareup\okio\okio\1.14.0\okio-1.14.0.jar;C:\Users\Mohamed\.m2\repository\org\testng\testng\7.1.0\testng-7.1.0.jar;C:\Users\Mohamed\.m2\repository\com\beust\jcommander\1.72\jcommander-1.72.jar;C:\Users\Mohamed\.m2\repository\com\google\inject\guice\4.1.0\guice-4.1.0-no_aop.jar;C:\Users\Mohamed\.m2\repository\javax\inject\javax.inject\1\javax.inject-1.jar;C:\Users\Mohamed\.m2\repository\aopalliance\aopalliance\1.0\aopalliance-1.0.jar;C:\Users\Mohamed\.m2\repository\org\yaml\snakeyaml\1.21\snakeyaml-1.21.jar;C:\Users\Mohamed\.m2\repository\org\apache\poi\poi-ooxml\4.1.2\poi-ooxml-4.1.2.jar;C:\Users\Mohamed\.m2\repository\org\apache\poi\poi\4.1.2\poi-4.1.2.jar;C:\Users\Mohamed\.m2\repository\commons-codec\commons-codec\1.13\commons-codec-1.13.jar;C:\Users\Mohamed\.m2\repository\org\apache\commons\commons-collections4\4.4\commons-collections4-4.4.jar;C:\Users\Mohamed\.m2\repository\org\apache\commons\commons-math3\3.6.1\commons-math3-3.6.1.jar;C:\Users\Mohamed\.m2\repository\com\zaxxer\SparseBitSet\1.2\SparseBitSet-1.2.jar;C:\Users\Mohamed\.m2\repository\org\apache\poi\poi-ooxml-schemas\4.1.2\poi-ooxml-schemas-4.1.2.jar;C:\Users\Mohamed\.m2\repository\org\apache\xmlbeans\xmlbeans\3.1.0\xmlbeans-3.1.0.jar;C:\Users\Mohamed\.m2\repository\org\apache\commons\commons-compress\1.19\commons-compress-1.19.jar;C:\Users\Mohamed\.m2\repository\com\github\virtuald\curvesapi\1.06\curvesapi-1.06.jar;C:\Users\Mohamed\.m2\repository\commons-io\commons-io\2.6\commons-io-2.6.jar;C:\Users\Mohamed\.m2\repository\com\aventstack\extentreports\4.0.9\extentreports-4.0.9.jar;C:\Users\Mohamed\.m2\repository\org\freemarker\freemarker\2.3.23\freemarker-2.3.23.jar;C:\Users\Mohamed\.m2\repository\org\mongodb\mongodb-driver\3.3.0\mongodb-driver-3.3.0.jar;C:\Users\Mohamed\.m2\repository\org\mongodb\mongodb-driver-core\3.3.0\mongodb-driver-core-3.3.0.jar;C:\Users\Mohamed\.m2\repository\org\mongodb\bson\3.3.0\bson-3.3.0.jar;C:\Users\Mohamed\.m2\repository\org\apache\httpcomponents\httpclient\4.5.2\httpclient-4.5.2.jar;C:\Users\Mohamed\.m2\repository\org\apache\httpcomponents\httpcore\4.4.4\httpcore-4.4.4.jar;C:\Users\Mohamed\.m2\repository\commons-logging\commons-logging\1.2\commons-logging-1.2.jar;C:\Users\Mohamed\.m2\repository\org\apache\httpcomponents\httpmime\4.5.2\httpmime-4.5.2.jar;C:\Users\Mohamed\.m2\repository\com\google\code\gson\gson\2.8.5\gson-2.8.5.jar;"/>
    <property name="sun.cpu.endian" value="little"/>
    <property name="user.home" value="C:\Users\Mohamed"/>
    <property name="user.language" value="en"/>
    <property name="java.specification.vendor" value="Oracle Corporation"/>
    <property name="java.home" value="C:\Program Files\Java\jdk1.8.0_241\jre"/>
    <property name="basedir" value="C:\Users\Mohamed\eclipse-workspace\HrmFramework"/>
    <property name="file.separator" value="\"/>
    <property name="line.separator" value="&#10;"/>
    <property name="java.vm.specification.vendor" value="Oracle Corporation"/>
    <property name="java.specification.name" value="Java Platform API Specification"/>
    <property name="java.awt.graphicsenv" value="sun.awt.Win32GraphicsEnvironment"/>
    <property name="surefire.real.class.path" value="C:\Users\Mohamed\AppData\Local\Temp\surefire1053391728793943121\surefirebooter3646301666709510930.jar"/>
    <property name="sun.boot.class.path" value="C:\Program Files\Java\jdk1.8.0_241\jre\lib\resources.jar;C:\Program Files\Java\jdk1.8.0_241\jre\lib\rt.jar;C:\Program Files\Java\jdk1.8.0_241\jre\lib\sunrsasign.jar;C:\Program Files\Java\jdk1.8.0_241\jre\lib\jsse.jar;C:\Program Files\Java\jdk1.8.0_241\jre\lib\jce.jar;C:\Program Files\Java\jdk1.8.0_241\jre\lib\charsets.jar;C:\Program Files\Java\jdk1.8.0_241\jre\lib\jfr.jar;C:\Program Files\Java\jdk1.8.0_241\jre\classes"/>
    <property name="user.script" value=""/>
    <property name="sun.management.compiler" value="HotSpot 64-Bit Tiered Compilers"/>
    <property name="java.runtime.version" value="1.8.0_241-b07"/>
    <property name="user.name" value="Mohamed"/>
    <property name="path.separator" value=";"/>
    <property name="os.version" value="10.0"/>
    <property name="java.endorsed.dirs" value="C:\Program Files\Java\jdk1.8.0_241\jre\lib\endorsed"/>
    <property name="java.runtime.name" value="Java(TM) SE Runtime Environment"/>
    <property name="file.encoding" value="Cp1252"/>
    <property name="java.vm.name" value="Java HotSpot(TM) 64-Bit Server VM"/>
    <property name="localRepository" value="C:\Users\Mohamed\.m2\repository"/>
    <property name="java.vendor.url.bug" value="http://bugreport.sun.com/bugreport/"/>
    <property name="java.io.tmpdir" value="C:\Users\Mohamed\AppData\Local\Temp\"/>
    <property name="java.version" value="1.8.0_241"/>
    <property name="user.dir" value="C:\Users\Mohamed\eclipse-workspace\HrmFramework"/>
    <property name="os.arch" value="amd64"/>
    <property name="java.vm.specification.name" value="Java Virtual Machine Specification"/>
    <property name="java.awt.printerjob" value="sun.awt.windows.WPrinterJob"/>
    <property name="sun.os.patch.level" value=""/>
    <property name="java.library.path" value="C:\Program Files\Java\jdk1.8.0_241\jre\bin;C:\windows\Sun\Java\bin;C:\windows\system32;C:\windows;C:/Program Files/Java/jre1.8.0_251/bin/server;C:/Program Files/Java/jre1.8.0_251/bin;C:/Program Files/Java/jre1.8.0_251/lib/amd64;C:\Program Files (x86)\Common Files\Oracle\Java\javapath;C:\windows\system32;C:\windows;C:\windows\System32\Wbem;C:\windows\System32\WindowsPowerShell\v1.0\;C:\windows\System32\OpenSSH\;C:\Program Files (x86)\NVIDIA Corporation\PhysX\Common;C:\Program Files\NVIDIA Corporation\NVIDIA NvDLISR;C:\Program Files\Java\jdk1.8.0_241\bin;C:\Program Files\Git\cmd;C:\Program Files\apache-maven-3.6.3-bin\apache-maven-3.6.3\bin;C:\Program Files (x86)\Microsoft SQL Server\150\DTS\Binn\;C:\Program Files\Docker\Docker\resources\bin;C:\ProgramData\DockerDesktop\version-bin;C:\Program Files\MySQL\MySQL Shell 8.0\bin\;C:\Users\Mohamed\AppData\Local\Microsoft\WindowsApps;C:\windows\system32;;."/>
    <property name="java.vm.info" value="mixed mode"/>
    <property name="java.vendor" value="Oracle Corporation"/>
    <property name="java.vm.version" value="25.241-b07"/>
    <property name="java.ext.dirs" value="C:\Program Files\Java\jdk1.8.0_241\jre\lib\ext;C:\windows\Sun\Java\lib\ext"/>
    <property name="sun.io.unicode.encoding" value="UnicodeLittle"/>
    <property name="java.class.version" value="52.0"/>
  </properties>
  <testcase name="setUP" classname="com.hrms.testcases.addEmployeeTest" time="6.17">
    <failure message="session not created: This version of ChromeDriver only supports Chrome version 83&#10;Build info: version: &apos;3.141.59&apos;, revision: &apos;e82be7d358&apos;, time: &apos;2018-11-14T08:17:03&apos;&#10;System info: host: &apos;LAPTOP-J49C07QH&apos;, ip: &apos;192.168.200.3&apos;, os.name: &apos;Windows 10&apos;, os.arch: &apos;amd64&apos;, os.version: &apos;10.0&apos;, java.version: &apos;1.8.0_241&apos;&#10;Driver info: driver.version: ChromeDriver&#10;remote stacktrace: Backtrace:&#10;	Ordinal0 [0x00F69563+2725219]&#10;	Ordinal0 [0x00E68551+1672529]&#10;	Ordinal0 [0x00D50359+525145]&#10;	Ordinal0 [0x00CE0B77+68471]&#10;	Ordinal0 [0x00CDD32C+54060]&#10;	Ordinal0 [0x00CFCC37+183351]&#10;	Ordinal0 [0x00CFCA3D+182845]&#10;	Ordinal0 [0x00CFA94B+174411]&#10;	Ordinal0 [0x00CE2528+75048]&#10;	Ordinal0 [0x00CE35A0+79264]&#10;	Ordinal0 [0x00CE3539+79161]&#10;	Ordinal0 [0x00E7D607+1758727]&#10;	GetHandleVerifier [0x01086546+1050150]&#10;	GetHandleVerifier [0x01086291+1049457]&#10;	GetHandleVerifier [0x010910D7+1094071]&#10;	GetHandleVerifier [0x01086B46+1051686]&#10;	Ordinal0 [0x00E75B06+1727238]&#10;	Ordinal0 [0x00E7EB7B+1764219]&#10;	Ordinal0 [0x00E7ECE3+1764579]&#10;	Ordinal0 [0x00E94C05+1854469]&#10;	BaseThreadInitThunk [0x75AF6359+25]&#10;	RtlGetAppContainerNamedObjectPath [0x77977C24+228]&#10;	RtlGetAppContainerNamedObjectPath [0x77977BF4+180]&#10;" type="org.openqa.selenium.SessionNotCreatedException"><![CDATA[org.openqa.selenium.SessionNotCreatedException: 
session not created: This version of ChromeDriver only supports Chrome version 83
Build info: version: '3.141.59', revision: 'e82be7d358', time: '2018-11-14T08:17:03'
System info: host: 'LAPTOP-J49C07QH', ip: '192.168.200.3', os.name: 'Windows 10', os.arch: 'amd64', os.version: '10.0', java.version: '1.8.0_241'
Driver info: driver.version: ChromeDriver
remote stacktrace: Backtrace:
	Ordinal0 [0x00F69563+2725219]
	Ordinal0 [0x00E68551+1672529]
	Ordinal0 [0x00D50359+525145]
	Ordinal0 [0x00CE0B77+68471]
	Ordinal0 [0x00CDD32C+54060]
	Ordinal0 [0x00CFCC37+183351]
	Ordinal0 [0x00CFCA3D+182845]
	Ordinal0 [0x00CFA94B+174411]
	Ordinal0 [0x00CE2528+75048]
	Ordinal0 [0x00CE35A0+79264]
	Ordinal0 [0x00CE3539+79161]
	Ordinal0 [0x00E7D607+1758727]
	GetHandleVerifier [0x01086546+1050150]
	GetHandleVerifier [0x01086291+1049457]
	GetHandleVerifier [0x010910D7+1094071]
	GetHandleVerifier [0x01086B46+1051686]
	Ordinal0 [0x00E75B06+1727238]
	Ordinal0 [0x00E7EB7B+1764219]
	Ordinal0 [0x00E7ECE3+1764579]
	Ordinal0 [0x00E94C05+1854469]
	BaseThreadInitThunk [0x75AF6359+25]
	RtlGetAppContainerNamedObjectPath [0x77977C24+228]
	RtlGetAppContainerNamedObjectPath [0x77977BF4+180]

]]></failure>
    <system-out><![CDATA[[TestNG] [WARN] Ignoring duplicate listener : com.hrms.testbase.Lisetener
]]></system-out>
    <system-err><![CDATA[Starting ChromeDriver 83.0.4103.39 (ccbf011cb2d2b19b506d844400483861342c20cd-refs/branch-heads/4103@{#416}) on port 31896
Only local connections are allowed.
Please see https://chromedriver.chromium.org/security-considerations for suggestions on keeping ChromeDriver safe.
ChromeDriver was started successfully.
]]></system-err>
  </testcase>
  <testcase name="setUP" classname="com.hrms.testcases.addEmployeeTest" time="1.509">
    <failure message="session not created: This version of ChromeDriver only supports Chrome version 83&#10;Build info: version: &apos;3.141.59&apos;, revision: &apos;e82be7d358&apos;, time: &apos;2018-11-14T08:17:03&apos;&#10;System info: host: &apos;LAPTOP-J49C07QH&apos;, ip: &apos;192.168.200.3&apos;, os.name: &apos;Windows 10&apos;, os.arch: &apos;amd64&apos;, os.version: &apos;10.0&apos;, java.version: &apos;1.8.0_241&apos;&#10;Driver info: driver.version: ChromeDriver&#10;remote stacktrace: Backtrace:&#10;	Ordinal0 [0x00F69563+2725219]&#10;	Ordinal0 [0x00E68551+1672529]&#10;	Ordinal0 [0x00D50359+525145]&#10;	Ordinal0 [0x00CE0B77+68471]&#10;	Ordinal0 [0x00CDD32C+54060]&#10;	Ordinal0 [0x00CFCC37+183351]&#10;	Ordinal0 [0x00CFCA3D+182845]&#10;	Ordinal0 [0x00CFA94B+174411]&#10;	Ordinal0 [0x00CE2528+75048]&#10;	Ordinal0 [0x00CE35A0+79264]&#10;	Ordinal0 [0x00CE3539+79161]&#10;	Ordinal0 [0x00E7D607+1758727]&#10;	GetHandleVerifier [0x01086546+1050150]&#10;	GetHandleVerifier [0x01086291+1049457]&#10;	GetHandleVerifier [0x010910D7+1094071]&#10;	GetHandleVerifier [0x01086B46+1051686]&#10;	Ordinal0 [0x00E75B06+1727238]&#10;	Ordinal0 [0x00E7EB7B+1764219]&#10;	Ordinal0 [0x00E7ECE3+1764579]&#10;	Ordinal0 [0x00E94C05+1854469]&#10;	BaseThreadInitThunk [0x75AF6359+25]&#10;	RtlGetAppContainerNamedObjectPath [0x77977C24+228]&#10;	RtlGetAppContainerNamedObjectPath [0x77977BF4+180]&#10;" type="org.openqa.selenium.SessionNotCreatedException"><![CDATA[org.openqa.selenium.SessionNotCreatedException: 
session not created: This version of ChromeDriver only supports Chrome version 83
Build info: version: '3.141.59', revision: 'e82be7d358', time: '2018-11-14T08:17:03'
System info: host: 'LAPTOP-J49C07QH', ip: '192.168.200.3', os.name: 'Windows 10', os.arch: 'amd64', os.version: '10.0', java.version: '1.8.0_241'
Driver info: driver.version: ChromeDriver
remote stacktrace: Backtrace:
	Ordinal0 [0x00F69563+2725219]
	Ordinal0 [0x00E68551+1672529]
	Ordinal0 [0x00D50359+525145]
	Ordinal0 [0x00CE0B77+68471]
	Ordinal0 [0x00CDD32C+54060]
	Ordinal0 [0x00CFCC37+183351]
	Ordinal0 [0x00CFCA3D+182845]
	Ordinal0 [0x00CFA94B+174411]
	Ordinal0 [0x00CE2528+75048]
	Ordinal0 [0x00CE35A0+79264]
	Ordinal0 [0x00CE3539+79161]
	Ordinal0 [0x00E7D607+1758727]
	GetHandleVerifier [0x01086546+1050150]
	GetHandleVerifier [0x01086291+1049457]
	GetHandleVerifier [0x010910D7+1094071]
	GetHandleVerifier [0x01086B46+1051686]
	Ordinal0 [0x00E75B06+1727238]
	Ordinal0 [0x00E7EB7B+1764219]
	Ordinal0 [0x00E7ECE3+1764579]
	Ordinal0 [0x00E94C05+1854469]
	BaseThreadInitThunk [0x75AF6359+25]
	RtlGetAppContainerNamedObjectPath [0x77977C24+228]
	RtlGetAppContainerNamedObjectPath [0x77977BF4+180]

]]></failure>
    <system-err><![CDATA[Starting ChromeDriver 83.0.4103.39 (ccbf011cb2d2b19b506d844400483861342c20cd-refs/branch-heads/4103@{#416}) on port 13745
Only local connections are allowed.
Please see https://chromedriver.chromium.org/security-considerations for suggestions on keeping ChromeDriver safe.
ChromeDriver was started successfully.
]]></system-err>
  </testcase>
  <testcase name="setUP" classname="com.hrms.testcases.addEmployeeTest" time="1.557">
    <failure message="session not created: This version of ChromeDriver only supports Chrome version 83&#10;Build info: version: &apos;3.141.59&apos;, revision: &apos;e82be7d358&apos;, time: &apos;2018-11-14T08:17:03&apos;&#10;System info: host: &apos;LAPTOP-J49C07QH&apos;, ip: &apos;192.168.200.3&apos;, os.name: &apos;Windows 10&apos;, os.arch: &apos;amd64&apos;, os.version: &apos;10.0&apos;, java.version: &apos;1.8.0_241&apos;&#10;Driver info: driver.version: ChromeDriver&#10;remote stacktrace: Backtrace:&#10;	Ordinal0 [0x00F69563+2725219]&#10;	Ordinal0 [0x00E68551+1672529]&#10;	Ordinal0 [0x00D50359+525145]&#10;	Ordinal0 [0x00CE0B77+68471]&#10;	Ordinal0 [0x00CDD32C+54060]&#10;	Ordinal0 [0x00CFCC37+183351]&#10;	Ordinal0 [0x00CFCA3D+182845]&#10;	Ordinal0 [0x00CFA94B+174411]&#10;	Ordinal0 [0x00CE2528+75048]&#10;	Ordinal0 [0x00CE35A0+79264]&#10;	Ordinal0 [0x00CE3539+79161]&#10;	Ordinal0 [0x00E7D607+1758727]&#10;	GetHandleVerifier [0x01086546+1050150]&#10;	GetHandleVerifier [0x01086291+1049457]&#10;	GetHandleVerifier [0x010910D7+1094071]&#10;	GetHandleVerifier [0x01086B46+1051686]&#10;	Ordinal0 [0x00E75B06+1727238]&#10;	Ordinal0 [0x00E7EB7B+1764219]&#10;	Ordinal0 [0x00E7ECE3+1764579]&#10;	Ordinal0 [0x00E94C05+1854469]&#10;	BaseThreadInitThunk [0x75AF6359+25]&#10;	RtlGetAppContainerNamedObjectPath [0x77977C24+228]&#10;	RtlGetAppContainerNamedObjectPath [0x77977BF4+180]&#10;" type="org.openqa.selenium.SessionNotCreatedException"><![CDATA[org.openqa.selenium.SessionNotCreatedException: 
session not created: This version of ChromeDriver only supports Chrome version 83
Build info: version: '3.141.59', revision: 'e82be7d358', time: '2018-11-14T08:17:03'
System info: host: 'LAPTOP-J49C07QH', ip: '192.168.200.3', os.name: 'Windows 10', os.arch: 'amd64', os.version: '10.0', java.version: '1.8.0_241'
Driver info: driver.version: ChromeDriver
remote stacktrace: Backtrace:
	Ordinal0 [0x00F69563+2725219]
	Ordinal0 [0x00E68551+1672529]
	Ordinal0 [0x00D50359+525145]
	Ordinal0 [0x00CE0B77+68471]
	Ordinal0 [0x00CDD32C+54060]
	Ordinal0 [0x00CFCC37+183351]
	Ordinal0 [0x00CFCA3D+182845]
	Ordinal0 [0x00CFA94B+174411]
	Ordinal0 [0x00CE2528+75048]
	Ordinal0 [0x00CE35A0+79264]
	Ordinal0 [0x00CE3539+79161]
	Ordinal0 [0x00E7D607+1758727]
	GetHandleVerifier [0x01086546+1050150]
	GetHandleVerifier [0x01086291+1049457]
	GetHandleVerifier [0x010910D7+1094071]
	GetHandleVerifier [0x01086B46+1051686]
	Ordinal0 [0x00E75B06+1727238]
	Ordinal0 [0x00E7EB7B+1764219]
	Ordinal0 [0x00E7ECE3+1764579]
	Ordinal0 [0x00E94C05+1854469]
	BaseThreadInitThunk [0x75AF6359+25]
	RtlGetAppContainerNamedObjectPath [0x77977C24+228]
	RtlGetAppContainerNamedObjectPath [0x77977BF4+180]

]]></failure>
    <system-err><![CDATA[Starting ChromeDriver 83.0.4103.39 (ccbf011cb2d2b19b506d844400483861342c20cd-refs/branch-heads/4103@{#416}) on port 21550
Only local connections are allowed.
Please see https://chromedriver.chromium.org/security-considerations for suggestions on keeping ChromeDriver safe.
ChromeDriver was started successfully.
]]></system-err>
  </testcase>
  <testcase name="setUP" classname="com.hrms.testcases.addEmployeeTest" time="1.538">
    <failure message="session not created: This version of ChromeDriver only supports Chrome version 83&#10;Build info: version: &apos;3.141.59&apos;, revision: &apos;e82be7d358&apos;, time: &apos;2018-11-14T08:17:03&apos;&#10;System info: host: &apos;LAPTOP-J49C07QH&apos;, ip: &apos;192.168.200.3&apos;, os.name: &apos;Windows 10&apos;, os.arch: &apos;amd64&apos;, os.version: &apos;10.0&apos;, java.version: &apos;1.8.0_241&apos;&#10;Driver info: driver.version: ChromeDriver&#10;remote stacktrace: Backtrace:&#10;	Ordinal0 [0x00F69563+2725219]&#10;	Ordinal0 [0x00E68551+1672529]&#10;	Ordinal0 [0x00D50359+525145]&#10;	Ordinal0 [0x00CE0B77+68471]&#10;	Ordinal0 [0x00CDD32C+54060]&#10;	Ordinal0 [0x00CFCC37+183351]&#10;	Ordinal0 [0x00CFCA3D+182845]&#10;	Ordinal0 [0x00CFA94B+174411]&#10;	Ordinal0 [0x00CE2528+75048]&#10;	Ordinal0 [0x00CE35A0+79264]&#10;	Ordinal0 [0x00CE3539+79161]&#10;	Ordinal0 [0x00E7D607+1758727]&#10;	GetHandleVerifier [0x01086546+1050150]&#10;	GetHandleVerifier [0x01086291+1049457]&#10;	GetHandleVerifier [0x010910D7+1094071]&#10;	GetHandleVerifier [0x01086B46+1051686]&#10;	Ordinal0 [0x00E75B06+1727238]&#10;	Ordinal0 [0x00E7EB7B+1764219]&#10;	Ordinal0 [0x00E7ECE3+1764579]&#10;	Ordinal0 [0x00E94C05+1854469]&#10;	BaseThreadInitThunk [0x75AF6359+25]&#10;	RtlGetAppContainerNamedObjectPath [0x77977C24+228]&#10;	RtlGetAppContainerNamedObjectPath [0x77977BF4+180]&#10;" type="org.openqa.selenium.SessionNotCreatedException"><![CDATA[org.openqa.selenium.SessionNotCreatedException: 
session not created: This version of ChromeDriver only supports Chrome version 83
Build info: version: '3.141.59', revision: 'e82be7d358', time: '2018-11-14T08:17:03'
System info: host: 'LAPTOP-J49C07QH', ip: '192.168.200.3', os.name: 'Windows 10', os.arch: 'amd64', os.version: '10.0', java.version: '1.8.0_241'
Driver info: driver.version: ChromeDriver
remote stacktrace: Backtrace:
	Ordinal0 [0x00F69563+2725219]
	Ordinal0 [0x00E68551+1672529]
	Ordinal0 [0x00D50359+525145]
	Ordinal0 [0x00CE0B77+68471]
	Ordinal0 [0x00CDD32C+54060]
	Ordinal0 [0x00CFCC37+183351]
	Ordinal0 [0x00CFCA3D+182845]
	Ordinal0 [0x00CFA94B+174411]
	Ordinal0 [0x00CE2528+75048]
	Ordinal0 [0x00CE35A0+79264]
	Ordinal0 [0x00CE3539+79161]
	Ordinal0 [0x00E7D607+1758727]
	GetHandleVerifier [0x01086546+1050150]
	GetHandleVerifier [0x01086291+1049457]
	GetHandleVerifier [0x010910D7+1094071]
	GetHandleVerifier [0x01086B46+1051686]
	Ordinal0 [0x00E75B06+1727238]
	Ordinal0 [0x00E7EB7B+1764219]
	Ordinal0 [0x00E7ECE3+1764579]
	Ordinal0 [0x00E94C05+1854469]
	BaseThreadInitThunk [0x75AF6359+25]
	RtlGetAppContainerNamedObjectPath [0x77977C24+228]
	RtlGetAppContainerNamedObjectPath [0x77977BF4+180]

]]></failure>
    <system-err><![CDATA[Starting ChromeDriver 83.0.4103.39 (ccbf011cb2d2b19b506d844400483861342c20cd-refs/branch-heads/4103@{#416}) on port 4458
Only local connections are allowed.
Please see https://chromedriver.chromium.org/security-considerations for suggestions on keeping ChromeDriver safe.
ChromeDriver was started successfully.
]]></system-err>
  </testcase>
  <testcase name="setUP" classname="com.hrms.testcases.addEmployeeTest" time="1.453">
    <failure message="session not created: This version of ChromeDriver only supports Chrome version 83&#10;Build info: version: &apos;3.141.59&apos;, revision: &apos;e82be7d358&apos;, time: &apos;2018-11-14T08:17:03&apos;&#10;System info: host: &apos;LAPTOP-J49C07QH&apos;, ip: &apos;192.168.200.3&apos;, os.name: &apos;Windows 10&apos;, os.arch: &apos;amd64&apos;, os.version: &apos;10.0&apos;, java.version: &apos;1.8.0_241&apos;&#10;Driver info: driver.version: ChromeDriver&#10;remote stacktrace: Backtrace:&#10;	Ordinal0 [0x00F69563+2725219]&#10;	Ordinal0 [0x00E68551+1672529]&#10;	Ordinal0 [0x00D50359+525145]&#10;	Ordinal0 [0x00CE0B77+68471]&#10;	Ordinal0 [0x00CDD32C+54060]&#10;	Ordinal0 [0x00CFCC37+183351]&#10;	Ordinal0 [0x00CFCA3D+182845]&#10;	Ordinal0 [0x00CFA94B+174411]&#10;	Ordinal0 [0x00CE2528+75048]&#10;	Ordinal0 [0x00CE35A0+79264]&#10;	Ordinal0 [0x00CE3539+79161]&#10;	Ordinal0 [0x00E7D607+1758727]&#10;	GetHandleVerifier [0x01086546+1050150]&#10;	GetHandleVerifier [0x01086291+1049457]&#10;	GetHandleVerifier [0x010910D7+1094071]&#10;	GetHandleVerifier [0x01086B46+1051686]&#10;	Ordinal0 [0x00E75B06+1727238]&#10;	Ordinal0 [0x00E7EB7B+1764219]&#10;	Ordinal0 [0x00E7ECE3+1764579]&#10;	Ordinal0 [0x00E94C05+1854469]&#10;	BaseThreadInitThunk [0x75AF6359+25]&#10;	RtlGetAppContainerNamedObjectPath [0x77977C24+228]&#10;	RtlGetAppContainerNamedObjectPath [0x77977BF4+180]&#10;" type="org.openqa.selenium.SessionNotCreatedException"><![CDATA[org.openqa.selenium.SessionNotCreatedException: 
session not created: This version of ChromeDriver only supports Chrome version 83
Build info: version: '3.141.59', revision: 'e82be7d358', time: '2018-11-14T08:17:03'
System info: host: 'LAPTOP-J49C07QH', ip: '192.168.200.3', os.name: 'Windows 10', os.arch: 'amd64', os.version: '10.0', java.version: '1.8.0_241'
Driver info: driver.version: ChromeDriver
remote stacktrace: Backtrace:
	Ordinal0 [0x00F69563+2725219]
	Ordinal0 [0x00E68551+1672529]
	Ordinal0 [0x00D50359+525145]
	Ordinal0 [0x00CE0B77+68471]
	Ordinal0 [0x00CDD32C+54060]
	Ordinal0 [0x00CFCC37+183351]
	Ordinal0 [0x00CFCA3D+182845]
	Ordinal0 [0x00CFA94B+174411]
	Ordinal0 [0x00CE2528+75048]
	Ordinal0 [0x00CE35A0+79264]
	Ordinal0 [0x00CE3539+79161]
	Ordinal0 [0x00E7D607+1758727]
	GetHandleVerifier [0x01086546+1050150]
	GetHandleVerifier [0x01086291+1049457]
	GetHandleVerifier [0x010910D7+1094071]
	GetHandleVerifier [0x01086B46+1051686]
	Ordinal0 [0x00E75B06+1727238]
	Ordinal0 [0x00E7EB7B+1764219]
	Ordinal0 [0x00E7ECE3+1764579]
	Ordinal0 [0x00E94C05+1854469]
	BaseThreadInitThunk [0x75AF6359+25]
	RtlGetAppContainerNamedObjectPath [0x77977C24+228]
	RtlGetAppContainerNamedObjectPath [0x77977BF4+180]

]]></failure>
    <system-err><![CDATA[Starting ChromeDriver 83.0.4103.39 (ccbf011cb2d2b19b506d844400483861342c20cd-refs/branch-heads/4103@{#416}) on port 7633
Only local connections are allowed.
Please see https://chromedriver.chromium.org/security-considerations for suggestions on keeping ChromeDriver safe.
ChromeDriver was started successfully.
]]></system-err>
  </testcase>
  <testcase name="setUP" classname="com.hrms.testcases.addEmployeeTest" time="1.824">
    <failure message="session not created: This version of ChromeDriver only supports Chrome version 83&#10;Build info: version: &apos;3.141.59&apos;, revision: &apos;e82be7d358&apos;, time: &apos;2018-11-14T08:17:03&apos;&#10;System info: host: &apos;LAPTOP-J49C07QH&apos;, ip: &apos;192.168.200.3&apos;, os.name: &apos;Windows 10&apos;, os.arch: &apos;amd64&apos;, os.version: &apos;10.0&apos;, java.version: &apos;1.8.0_241&apos;&#10;Driver info: driver.version: ChromeDriver&#10;remote stacktrace: Backtrace:&#10;	Ordinal0 [0x00F69563+2725219]&#10;	Ordinal0 [0x00E68551+1672529]&#10;	Ordinal0 [0x00D50359+525145]&#10;	Ordinal0 [0x00CE0B77+68471]&#10;	Ordinal0 [0x00CDD32C+54060]&#10;	Ordinal0 [0x00CFCC37+183351]&#10;	Ordinal0 [0x00CFCA3D+182845]&#10;	Ordinal0 [0x00CFA94B+174411]&#10;	Ordinal0 [0x00CE2528+75048]&#10;	Ordinal0 [0x00CE35A0+79264]&#10;	Ordinal0 [0x00CE3539+79161]&#10;	Ordinal0 [0x00E7D607+1758727]&#10;	GetHandleVerifier [0x01086546+1050150]&#10;	GetHandleVerifier [0x01086291+1049457]&#10;	GetHandleVerifier [0x010910D7+1094071]&#10;	GetHandleVerifier [0x01086B46+1051686]&#10;	Ordinal0 [0x00E75B06+1727238]&#10;	Ordinal0 [0x00E7EB7B+1764219]&#10;	Ordinal0 [0x00E7ECE3+1764579]&#10;	Ordinal0 [0x00E94C05+1854469]&#10;	BaseThreadInitThunk [0x75AF6359+25]&#10;	RtlGetAppContainerNamedObjectPath [0x77977C24+228]&#10;	RtlGetAppContainerNamedObjectPath [0x77977BF4+180]&#10;" type="org.openqa.selenium.SessionNotCreatedException"><![CDATA[org.openqa.selenium.SessionNotCreatedException: 
session not created: This version of ChromeDriver only supports Chrome version 83
Build info: version: '3.141.59', revision: 'e82be7d358', time: '2018-11-14T08:17:03'
System info: host: 'LAPTOP-J49C07QH', ip: '192.168.200.3', os.name: 'Windows 10', os.arch: 'amd64', os.version: '10.0', java.version: '1.8.0_241'
Driver info: driver.version: ChromeDriver
remote stacktrace: Backtrace:
	Ordinal0 [0x00F69563+2725219]
	Ordinal0 [0x00E68551+1672529]
	Ordinal0 [0x00D50359+525145]
	Ordinal0 [0x00CE0B77+68471]
	Ordinal0 [0x00CDD32C+54060]
	Ordinal0 [0x00CFCC37+183351]
	Ordinal0 [0x00CFCA3D+182845]
	Ordinal0 [0x00CFA94B+174411]
	Ordinal0 [0x00CE2528+75048]
	Ordinal0 [0x00CE35A0+79264]
	Ordinal0 [0x00CE3539+79161]
	Ordinal0 [0x00E7D607+1758727]
	GetHandleVerifier [0x01086546+1050150]
	GetHandleVerifier [0x01086291+1049457]
	GetHandleVerifier [0x010910D7+1094071]
	GetHandleVerifier [0x01086B46+1051686]
	Ordinal0 [0x00E75B06+1727238]
	Ordinal0 [0x00E7EB7B+1764219]
	Ordinal0 [0x00E7ECE3+1764579]
	Ordinal0 [0x00E94C05+1854469]
	BaseThreadInitThunk [0x75AF6359+25]
	RtlGetAppContainerNamedObjectPath [0x77977C24+228]
	RtlGetAppContainerNamedObjectPath [0x77977BF4+180]

]]></failure>
    <system-err><![CDATA[Starting ChromeDriver 83.0.4103.39 (ccbf011cb2d2b19b506d844400483861342c20cd-refs/branch-heads/4103@{#416}) on port 21680
Only local connections are allowed.
Please see https://chromedriver.chromium.org/security-considerations for suggestions on keeping ChromeDriver safe.
ChromeDriver was started successfully.
]]></system-err>
  </testcase>
  <testcase name="setUP" classname="com.hrms.testcases.addEmployeeTest" time="1.438">
    <failure message="session not created: This version of ChromeDriver only supports Chrome version 83&#10;Build info: version: &apos;3.141.59&apos;, revision: &apos;e82be7d358&apos;, time: &apos;2018-11-14T08:17:03&apos;&#10;System info: host: &apos;LAPTOP-J49C07QH&apos;, ip: &apos;192.168.200.3&apos;, os.name: &apos;Windows 10&apos;, os.arch: &apos;amd64&apos;, os.version: &apos;10.0&apos;, java.version: &apos;1.8.0_241&apos;&#10;Driver info: driver.version: ChromeDriver&#10;remote stacktrace: Backtrace:&#10;	Ordinal0 [0x00F69563+2725219]&#10;	Ordinal0 [0x00E68551+1672529]&#10;	Ordinal0 [0x00D50359+525145]&#10;	Ordinal0 [0x00CE0B77+68471]&#10;	Ordinal0 [0x00CDD32C+54060]&#10;	Ordinal0 [0x00CFCC37+183351]&#10;	Ordinal0 [0x00CFCA3D+182845]&#10;	Ordinal0 [0x00CFA94B+174411]&#10;	Ordinal0 [0x00CE2528+75048]&#10;	Ordinal0 [0x00CE35A0+79264]&#10;	Ordinal0 [0x00CE3539+79161]&#10;	Ordinal0 [0x00E7D607+1758727]&#10;	GetHandleVerifier [0x01086546+1050150]&#10;	GetHandleVerifier [0x01086291+1049457]&#10;	GetHandleVerifier [0x010910D7+1094071]&#10;	GetHandleVerifier [0x01086B46+1051686]&#10;	Ordinal0 [0x00E75B06+1727238]&#10;	Ordinal0 [0x00E7EB7B+1764219]&#10;	Ordinal0 [0x00E7ECE3+1764579]&#10;	Ordinal0 [0x00E94C05+1854469]&#10;	BaseThreadInitThunk [0x75AF6359+25]&#10;	RtlGetAppContainerNamedObjectPath [0x77977C24+228]&#10;	RtlGetAppContainerNamedObjectPath [0x77977BF4+180]&#10;" type="org.openqa.selenium.SessionNotCreatedException"><![CDATA[org.openqa.selenium.SessionNotCreatedException: 
session not created: This version of ChromeDriver only supports Chrome version 83
Build info: version: '3.141.59', revision: 'e82be7d358', time: '2018-11-14T08:17:03'
System info: host: 'LAPTOP-J49C07QH', ip: '192.168.200.3', os.name: 'Windows 10', os.arch: 'amd64', os.version: '10.0', java.version: '1.8.0_241'
Driver info: driver.version: ChromeDriver
remote stacktrace: Backtrace:
	Ordinal0 [0x00F69563+2725219]
	Ordinal0 [0x00E68551+1672529]
	Ordinal0 [0x00D50359+525145]
	Ordinal0 [0x00CE0B77+68471]
	Ordinal0 [0x00CDD32C+54060]
	Ordinal0 [0x00CFCC37+183351]
	Ordinal0 [0x00CFCA3D+182845]
	Ordinal0 [0x00CFA94B+174411]
	Ordinal0 [0x00CE2528+75048]
	Ordinal0 [0x00CE35A0+79264]
	Ordinal0 [0x00CE3539+79161]
	Ordinal0 [0x00E7D607+1758727]
	GetHandleVerifier [0x01086546+1050150]
	GetHandleVerifier [0x01086291+1049457]
	GetHandleVerifier [0x010910D7+1094071]
	GetHandleVerifier [0x01086B46+1051686]
	Ordinal0 [0x00E75B06+1727238]
	Ordinal0 [0x00E7EB7B+1764219]
	Ordinal0 [0x00E7ECE3+1764579]
	Ordinal0 [0x00E94C05+1854469]
	BaseThreadInitThunk [0x75AF6359+25]
	RtlGetAppContainerNamedObjectPath [0x77977C24+228]
	RtlGetAppContainerNamedObjectPath [0x77977BF4+180]

]]></failure>
    <system-err><![CDATA[Starting ChromeDriver 83.0.4103.39 (ccbf011cb2d2b19b506d844400483861342c20cd-refs/branch-heads/4103@{#416}) on port 29202
Only local connections are allowed.
Please see https://chromedriver.chromium.org/security-considerations for suggestions on keeping ChromeDriver safe.
ChromeDriver was started successfully.
]]></system-err>
  </testcase>
  <testcase name="setUP" classname="com.hrms.testcases.addEmployeeTest" time="1.434">
    <failure message="session not created: This version of ChromeDriver only supports Chrome version 83&#10;Build info: version: &apos;3.141.59&apos;, revision: &apos;e82be7d358&apos;, time: &apos;2018-11-14T08:17:03&apos;&#10;System info: host: &apos;LAPTOP-J49C07QH&apos;, ip: &apos;192.168.200.3&apos;, os.name: &apos;Windows 10&apos;, os.arch: &apos;amd64&apos;, os.version: &apos;10.0&apos;, java.version: &apos;1.8.0_241&apos;&#10;Driver info: driver.version: ChromeDriver&#10;remote stacktrace: Backtrace:&#10;	Ordinal0 [0x00F69563+2725219]&#10;	Ordinal0 [0x00E68551+1672529]&#10;	Ordinal0 [0x00D50359+525145]&#10;	Ordinal0 [0x00CE0B77+68471]&#10;	Ordinal0 [0x00CDD32C+54060]&#10;	Ordinal0 [0x00CFCC37+183351]&#10;	Ordinal0 [0x00CFCA3D+182845]&#10;	Ordinal0 [0x00CFA94B+174411]&#10;	Ordinal0 [0x00CE2528+75048]&#10;	Ordinal0 [0x00CE35A0+79264]&#10;	Ordinal0 [0x00CE3539+79161]&#10;	Ordinal0 [0x00E7D607+1758727]&#10;	GetHandleVerifier [0x01086546+1050150]&#10;	GetHandleVerifier [0x01086291+1049457]&#10;	GetHandleVerifier [0x010910D7+1094071]&#10;	GetHandleVerifier [0x01086B46+1051686]&#10;	Ordinal0 [0x00E75B06+1727238]&#10;	Ordinal0 [0x00E7EB7B+1764219]&#10;	Ordinal0 [0x00E7ECE3+1764579]&#10;	Ordinal0 [0x00E94C05+1854469]&#10;	BaseThreadInitThunk [0x75AF6359+25]&#10;	RtlGetAppContainerNamedObjectPath [0x77977C24+228]&#10;	RtlGetAppContainerNamedObjectPath [0x77977BF4+180]&#10;" type="org.openqa.selenium.SessionNotCreatedException"><![CDATA[org.openqa.selenium.SessionNotCreatedException: 
session not created: This version of ChromeDriver only supports Chrome version 83
Build info: version: '3.141.59', revision: 'e82be7d358', time: '2018-11-14T08:17:03'
System info: host: 'LAPTOP-J49C07QH', ip: '192.168.200.3', os.name: 'Windows 10', os.arch: 'amd64', os.version: '10.0', java.version: '1.8.0_241'
Driver info: driver.version: ChromeDriver
remote stacktrace: Backtrace:
	Ordinal0 [0x00F69563+2725219]
	Ordinal0 [0x00E68551+1672529]
	Ordinal0 [0x00D50359+525145]
	Ordinal0 [0x00CE0B77+68471]
	Ordinal0 [0x00CDD32C+54060]
	Ordinal0 [0x00CFCC37+183351]
	Ordinal0 [0x00CFCA3D+182845]
	Ordinal0 [0x00CFA94B+174411]
	Ordinal0 [0x00CE2528+75048]
	Ordinal0 [0x00CE35A0+79264]
	Ordinal0 [0x00CE3539+79161]
	Ordinal0 [0x00E7D607+1758727]
	GetHandleVerifier [0x01086546+1050150]
	GetHandleVerifier [0x01086291+1049457]
	GetHandleVerifier [0x010910D7+1094071]
	GetHandleVerifier [0x01086B46+1051686]
	Ordinal0 [0x00E75B06+1727238]
	Ordinal0 [0x00E7EB7B+1764219]
	Ordinal0 [0x00E7ECE3+1764579]
	Ordinal0 [0x00E94C05+1854469]
	BaseThreadInitThunk [0x75AF6359+25]
	RtlGetAppContainerNamedObjectPath [0x77977C24+228]
	RtlGetAppContainerNamedObjectPath [0x77977BF4+180]

]]></failure>
    <system-err><![CDATA[Starting ChromeDriver 83.0.4103.39 (ccbf011cb2d2b19b506d844400483861342c20cd-refs/branch-heads/4103@{#416}) on port 10909
Only local connections are allowed.
Please see https://chromedriver.chromium.org/security-considerations for suggestions on keeping ChromeDriver safe.
ChromeDriver was started successfully.
]]></system-err>
  </testcase>
  <testcase name="addEmpinfo" classname="com.hrms.testcases.addEmployeeTest" time="0">
    <skipped message="session not created: This version of ChromeDriver only supports Chrome version 83&#10;Build info: version: &apos;3.141.59&apos;, revision: &apos;e82be7d358&apos;, time: &apos;2018-11-14T08:17:03&apos;&#10;System info: host: &apos;LAPTOP-J49C07QH&apos;, ip: &apos;192.168.200.3&apos;, os.name: &apos;Windows 10&apos;, os.arch: &apos;amd64&apos;, os.version: &apos;10.0&apos;, java.version: &apos;1.8.0_241&apos;&#10;Driver info: driver.version: ChromeDriver&#10;remote stacktrace: Backtrace:&#10;	Ordinal0 [0x00F69563+2725219]&#10;	Ordinal0 [0x00E68551+1672529]&#10;	Ordinal0 [0x00D50359+525145]&#10;	Ordinal0 [0x00CE0B77+68471]&#10;	Ordinal0 [0x00CDD32C+54060]&#10;	Ordinal0 [0x00CFCC37+183351]&#10;	Ordinal0 [0x00CFCA3D+182845]&#10;	Ordinal0 [0x00CFA94B+174411]&#10;	Ordinal0 [0x00CE2528+75048]&#10;	Ordinal0 [0x00CE35A0+79264]&#10;	Ordinal0 [0x00CE3539+79161]&#10;	Ordinal0 [0x00E7D607+1758727]&#10;	GetHandleVerifier [0x01086546+1050150]&#10;	GetHandleVerifier [0x01086291+1049457]&#10;	GetHandleVerifier [0x010910D7+1094071]&#10;	GetHandleVerifier [0x01086B46+1051686]&#10;	Ordinal0 [0x00E75B06+1727238]&#10;	Ordinal0 [0x00E7EB7B+1764219]&#10;	Ordinal0 [0x00E7ECE3+1764579]&#10;	Ordinal0 [0x00E94C05+1854469]&#10;	BaseThreadInitThunk [0x75AF6359+25]&#10;	RtlGetAppContainerNamedObjectPath [0x77977C24+228]&#10;	RtlGetAppContainerNamedObjectPath [0x77977BF4+180]&#10;"/>
    <system-out><![CDATA[Test started !!!addEmpinfo
]]></system-out>
  </testcase>
  <testcase name="test" classname="com.hrms.testcases.addEmployeeTest" time="0">
    <skipped message="session not created: This version of ChromeDriver only supports Chrome version 83&#10;Build info: version: &apos;3.141.59&apos;, revision: &apos;e82be7d358&apos;, time: &apos;2018-11-14T08:17:03&apos;&#10;System info: host: &apos;LAPTOP-J49C07QH&apos;, ip: &apos;192.168.200.3&apos;, os.name: &apos;Windows 10&apos;, os.arch: &apos;amd64&apos;, os.version: &apos;10.0&apos;, java.version: &apos;1.8.0_241&apos;&#10;Driver info: driver.version: ChromeDriver&#10;remote stacktrace: Backtrace:&#10;	Ordinal0 [0x00F69563+2725219]&#10;	Ordinal0 [0x00E68551+1672529]&#10;	Ordinal0 [0x00D50359+525145]&#10;	Ordinal0 [0x00CE0B77+68471]&#10;	Ordinal0 [0x00CDD32C+54060]&#10;	Ordinal0 [0x00CFCC37+183351]&#10;	Ordinal0 [0x00CFCA3D+182845]&#10;	Ordinal0 [0x00CFA94B+174411]&#10;	Ordinal0 [0x00CE2528+75048]&#10;	Ordinal0 [0x00CE35A0+79264]&#10;	Ordinal0 [0x00CE3539+79161]&#10;	Ordinal0 [0x00E7D607+1758727]&#10;	GetHandleVerifier [0x01086546+1050150]&#10;	GetHandleVerifier [0x01086291+1049457]&#10;	GetHandleVerifier [0x010910D7+1094071]&#10;	GetHandleVerifier [0x01086B46+1051686]&#10;	Ordinal0 [0x00E75B06+1727238]&#10;	Ordinal0 [0x00E7EB7B+1764219]&#10;	Ordinal0 [0x00E7ECE3+1764579]&#10;	Ordinal0 [0x00E94C05+1854469]&#10;	BaseThreadInitThunk [0x75AF6359+25]&#10;	RtlGetAppContainerNamedObjectPath [0x77977C24+228]&#10;	RtlGetAppContainerNamedObjectPath [0x77977BF4+180]&#10;"/>
    <system-out><![CDATA[Test started !!!test
]]></system-out>
  </testcase>
  <testcase name="test" classname="com.hrms.testcases.addEmployeeTest" time="0">
    <skipped message="session not created: This version of ChromeDriver only supports Chrome version 83&#10;Build info: version: &apos;3.141.59&apos;, revision: &apos;e82be7d358&apos;, time: &apos;2018-11-14T08:17:03&apos;&#10;System info: host: &apos;LAPTOP-J49C07QH&apos;, ip: &apos;192.168.200.3&apos;, os.name: &apos;Windows 10&apos;, os.arch: &apos;amd64&apos;, os.version: &apos;10.0&apos;, java.version: &apos;1.8.0_241&apos;&#10;Driver info: driver.version: ChromeDriver&#10;remote stacktrace: Backtrace:&#10;	Ordinal0 [0x00F69563+2725219]&#10;	Ordinal0 [0x00E68551+1672529]&#10;	Ordinal0 [0x00D50359+525145]&#10;	Ordinal0 [0x00CE0B77+68471]&#10;	Ordinal0 [0x00CDD32C+54060]&#10;	Ordinal0 [0x00CFCC37+183351]&#10;	Ordinal0 [0x00CFCA3D+182845]&#10;	Ordinal0 [0x00CFA94B+174411]&#10;	Ordinal0 [0x00CE2528+75048]&#10;	Ordinal0 [0x00CE35A0+79264]&#10;	Ordinal0 [0x00CE3539+79161]&#10;	Ordinal0 [0x00E7D607+1758727]&#10;	GetHandleVerifier [0x01086546+1050150]&#10;	GetHandleVerifier [0x01086291+1049457]&#10;	GetHandleVerifier [0x010910D7+1094071]&#10;	GetHandleVerifier [0x01086B46+1051686]&#10;	Ordinal0 [0x00E75B06+1727238]&#10;	Ordinal0 [0x00E7EB7B+1764219]&#10;	Ordinal0 [0x00E7ECE3+1764579]&#10;	Ordinal0 [0x00E94C05+1854469]&#10;	BaseThreadInitThunk [0x75AF6359+25]&#10;	RtlGetAppContainerNamedObjectPath [0x77977C24+228]&#10;	RtlGetAppContainerNamedObjectPath [0x77977BF4+180]&#10;"/>
    <system-out><![CDATA[Test started !!!test
]]></system-out>
  </testcase>
  <testcase name="test" classname="com.hrms.testcases.addEmployeeTest" time="0">
    <skipped message="session not created: This version of ChromeDriver only supports Chrome version 83&#10;Build info: version: &apos;3.141.59&apos;, revision: &apos;e82be7d358&apos;, time: &apos;2018-11-14T08:17:03&apos;&#10;System info: host: &apos;LAPTOP-J49C07QH&apos;, ip: &apos;192.168.200.3&apos;, os.name: &apos;Windows 10&apos;, os.arch: &apos;amd64&apos;, os.version: &apos;10.0&apos;, java.version: &apos;1.8.0_241&apos;&#10;Driver info: driver.version: ChromeDriver&#10;remote stacktrace: Backtrace:&#10;	Ordinal0 [0x00F69563+2725219]&#10;	Ordinal0 [0x00E68551+1672529]&#10;	Ordinal0 [0x00D50359+525145]&#10;	Ordinal0 [0x00CE0B77+68471]&#10;	Ordinal0 [0x00CDD32C+54060]&#10;	Ordinal0 [0x00CFCC37+183351]&#10;	Ordinal0 [0x00CFCA3D+182845]&#10;	Ordinal0 [0x00CFA94B+174411]&#10;	Ordinal0 [0x00CE2528+75048]&#10;	Ordinal0 [0x00CE35A0+79264]&#10;	Ordinal0 [0x00CE3539+79161]&#10;	Ordinal0 [0x00E7D607+1758727]&#10;	GetHandleVerifier [0x01086546+1050150]&#10;	GetHandleVerifier [0x01086291+1049457]&#10;	GetHandleVerifier [0x010910D7+1094071]&#10;	GetHandleVerifier [0x01086B46+1051686]&#10;	Ordinal0 [0x00E75B06+1727238]&#10;	Ordinal0 [0x00E7EB7B+1764219]&#10;	Ordinal0 [0x00E7ECE3+1764579]&#10;	Ordinal0 [0x00E94C05+1854469]&#10;	BaseThreadInitThunk [0x75AF6359+25]&#10;	RtlGetAppContainerNamedObjectPath [0x77977C24+228]&#10;	RtlGetAppContainerNamedObjectPath [0x77977BF4+180]&#10;"/>
    <system-out><![CDATA[Test started !!!test
]]></system-out>
  </testcase>
  <testcase name="test" classname="com.hrms.testcases.addEmployeeTest" time="0">
    <skipped message="session not created: This version of ChromeDriver only supports Chrome version 83&#10;Build info: version: &apos;3.141.59&apos;, revision: &apos;e82be7d358&apos;, time: &apos;2018-11-14T08:17:03&apos;&#10;System info: host: &apos;LAPTOP-J49C07QH&apos;, ip: &apos;192.168.200.3&apos;, os.name: &apos;Windows 10&apos;, os.arch: &apos;amd64&apos;, os.version: &apos;10.0&apos;, java.version: &apos;1.8.0_241&apos;&#10;Driver info: driver.version: ChromeDriver&#10;remote stacktrace: Backtrace:&#10;	Ordinal0 [0x00F69563+2725219]&#10;	Ordinal0 [0x00E68551+1672529]&#10;	Ordinal0 [0x00D50359+525145]&#10;	Ordinal0 [0x00CE0B77+68471]&#10;	Ordinal0 [0x00CDD32C+54060]&#10;	Ordinal0 [0x00CFCC37+183351]&#10;	Ordinal0 [0x00CFCA3D+182845]&#10;	Ordinal0 [0x00CFA94B+174411]&#10;	Ordinal0 [0x00CE2528+75048]&#10;	Ordinal0 [0x00CE35A0+79264]&#10;	Ordinal0 [0x00CE3539+79161]&#10;	Ordinal0 [0x00E7D607+1758727]&#10;	GetHandleVerifier [0x01086546+1050150]&#10;	GetHandleVerifier [0x01086291+1049457]&#10;	GetHandleVerifier [0x010910D7+1094071]&#10;	GetHandleVerifier [0x01086B46+1051686]&#10;	Ordinal0 [0x00E75B06+1727238]&#10;	Ordinal0 [0x00E7EB7B+1764219]&#10;	Ordinal0 [0x00E7ECE3+1764579]&#10;	Ordinal0 [0x00E94C05+1854469]&#10;	BaseThreadInitThunk [0x75AF6359+25]&#10;	RtlGetAppContainerNamedObjectPath [0x77977C24+228]&#10;	RtlGetAppContainerNamedObjectPath [0x77977BF4+180]&#10;"/>
    <system-out><![CDATA[Test started !!!test
]]></system-out>
  </testcase>
  <testcase name="test" classname="com.hrms.testcases.addEmployeeTest" time="0">
    <skipped message="session not created: This version of ChromeDriver only supports Chrome version 83&#10;Build info: version: &apos;3.141.59&apos;, revision: &apos;e82be7d358&apos;, time: &apos;2018-11-14T08:17:03&apos;&#10;System info: host: &apos;LAPTOP-J49C07QH&apos;, ip: &apos;192.168.200.3&apos;, os.name: &apos;Windows 10&apos;, os.arch: &apos;amd64&apos;, os.version: &apos;10.0&apos;, java.version: &apos;1.8.0_241&apos;&#10;Driver info: driver.version: ChromeDriver&#10;remote stacktrace: Backtrace:&#10;	Ordinal0 [0x00F69563+2725219]&#10;	Ordinal0 [0x00E68551+1672529]&#10;	Ordinal0 [0x00D50359+525145]&#10;	Ordinal0 [0x00CE0B77+68471]&#10;	Ordinal0 [0x00CDD32C+54060]&#10;	Ordinal0 [0x00CFCC37+183351]&#10;	Ordinal0 [0x00CFCA3D+182845]&#10;	Ordinal0 [0x00CFA94B+174411]&#10;	Ordinal0 [0x00CE2528+75048]&#10;	Ordinal0 [0x00CE35A0+79264]&#10;	Ordinal0 [0x00CE3539+79161]&#10;	Ordinal0 [0x00E7D607+1758727]&#10;	GetHandleVerifier [0x01086546+1050150]&#10;	GetHandleVerifier [0x01086291+1049457]&#10;	GetHandleVerifier [0x010910D7+1094071]&#10;	GetHandleVerifier [0x01086B46+1051686]&#10;	Ordinal0 [0x00E75B06+1727238]&#10;	Ordinal0 [0x00E7EB7B+1764219]&#10;	Ordinal0 [0x00E7ECE3+1764579]&#10;	Ordinal0 [0x00E94C05+1854469]&#10;	BaseThreadInitThunk [0x75AF6359+25]&#10;	RtlGetAppContainerNamedObjectPath [0x77977C24+228]&#10;	RtlGetAppContainerNamedObjectPath [0x77977BF4+180]&#10;"/>
    <system-out><![CDATA[Test started !!!test
]]></system-out>
  </testcase>
  <testcase name="test" classname="com.hrms.testcases.addEmployeeTest" time="0">
    <skipped message="session not created: This version of ChromeDriver only supports Chrome version 83&#10;Build info: version: &apos;3.141.59&apos;, revision: &apos;e82be7d358&apos;, time: &apos;2018-11-14T08:17:03&apos;&#10;System info: host: &apos;LAPTOP-J49C07QH&apos;, ip: &apos;192.168.200.3&apos;, os.name: &apos;Windows 10&apos;, os.arch: &apos;amd64&apos;, os.version: &apos;10.0&apos;, java.version: &apos;1.8.0_241&apos;&#10;Driver info: driver.version: ChromeDriver&#10;remote stacktrace: Backtrace:&#10;	Ordinal0 [0x00F69563+2725219]&#10;	Ordinal0 [0x00E68551+1672529]&#10;	Ordinal0 [0x00D50359+525145]&#10;	Ordinal0 [0x00CE0B77+68471]&#10;	Ordinal0 [0x00CDD32C+54060]&#10;	Ordinal0 [0x00CFCC37+183351]&#10;	Ordinal0 [0x00CFCA3D+182845]&#10;	Ordinal0 [0x00CFA94B+174411]&#10;	Ordinal0 [0x00CE2528+75048]&#10;	Ordinal0 [0x00CE35A0+79264]&#10;	Ordinal0 [0x00CE3539+79161]&#10;	Ordinal0 [0x00E7D607+1758727]&#10;	GetHandleVerifier [0x01086546+1050150]&#10;	GetHandleVerifier [0x01086291+1049457]&#10;	GetHandleVerifier [0x010910D7+1094071]&#10;	GetHandleVerifier [0x01086B46+1051686]&#10;	Ordinal0 [0x00E75B06+1727238]&#10;	Ordinal0 [0x00E7EB7B+1764219]&#10;	Ordinal0 [0x00E7ECE3+1764579]&#10;	Ordinal0 [0x00E94C05+1854469]&#10;	BaseThreadInitThunk [0x75AF6359+25]&#10;	RtlGetAppContainerNamedObjectPath [0x77977C24+228]&#10;	RtlGetAppContainerNamedObjectPath [0x77977BF4+180]&#10;"/>
    <system-out><![CDATA[Test started !!!test
]]></system-out>
  </testcase>
  <testcase name="virefyaddEmpLibels" classname="com.hrms.testcases.addEmployeeTest" time="0">
    <skipped message="session not created: This version of ChromeDriver only supports Chrome version 83&#10;Build info: version: &apos;3.141.59&apos;, revision: &apos;e82be7d358&apos;, time: &apos;2018-11-14T08:17:03&apos;&#10;System info: host: &apos;LAPTOP-J49C07QH&apos;, ip: &apos;192.168.200.3&apos;, os.name: &apos;Windows 10&apos;, os.arch: &apos;amd64&apos;, os.version: &apos;10.0&apos;, java.version: &apos;1.8.0_241&apos;&#10;Driver info: driver.version: ChromeDriver&#10;remote stacktrace: Backtrace:&#10;	Ordinal0 [0x00F69563+2725219]&#10;	Ordinal0 [0x00E68551+1672529]&#10;	Ordinal0 [0x00D50359+525145]&#10;	Ordinal0 [0x00CE0B77+68471]&#10;	Ordinal0 [0x00CDD32C+54060]&#10;	Ordinal0 [0x00CFCC37+183351]&#10;	Ordinal0 [0x00CFCA3D+182845]&#10;	Ordinal0 [0x00CFA94B+174411]&#10;	Ordinal0 [0x00CE2528+75048]&#10;	Ordinal0 [0x00CE35A0+79264]&#10;	Ordinal0 [0x00CE3539+79161]&#10;	Ordinal0 [0x00E7D607+1758727]&#10;	GetHandleVerifier [0x01086546+1050150]&#10;	GetHandleVerifier [0x01086291+1049457]&#10;	GetHandleVerifier [0x010910D7+1094071]&#10;	GetHandleVerifier [0x01086B46+1051686]&#10;	Ordinal0 [0x00E75B06+1727238]&#10;	Ordinal0 [0x00E7EB7B+1764219]&#10;	Ordinal0 [0x00E7ECE3+1764579]&#10;	Ordinal0 [0x00E94C05+1854469]&#10;	BaseThreadInitThunk [0x75AF6359+25]&#10;	RtlGetAppContainerNamedObjectPath [0x77977C24+228]&#10;	RtlGetAppContainerNamedObjectPath [0x77977BF4+180]&#10;"/>
    <system-out><![CDATA[Test started !!!virefyaddEmpLibels
]]></system-out>
  </testcase>
  <testcase name="setUP" classname="com.hrms.testcases.LoginTest" time="3.743">
    <failure message="session not created: This version of ChromeDriver only supports Chrome version 83&#10;Build info: version: &apos;3.141.59&apos;, revision: &apos;e82be7d358&apos;, time: &apos;2018-11-14T08:17:03&apos;&#10;System info: host: &apos;LAPTOP-J49C07QH&apos;, ip: &apos;192.168.200.3&apos;, os.name: &apos;Windows 10&apos;, os.arch: &apos;amd64&apos;, os.version: &apos;10.0&apos;, java.version: &apos;1.8.0_241&apos;&#10;Driver info: driver.version: ChromeDriver&#10;remote stacktrace: Backtrace:&#10;	Ordinal0 [0x00F69563+2725219]&#10;	Ordinal0 [0x00E68551+1672529]&#10;	Ordinal0 [0x00D50359+525145]&#10;	Ordinal0 [0x00CE0B77+68471]&#10;	Ordinal0 [0x00CDD32C+54060]&#10;	Ordinal0 [0x00CFCC37+183351]&#10;	Ordinal0 [0x00CFCA3D+182845]&#10;	Ordinal0 [0x00CFA94B+174411]&#10;	Ordinal0 [0x00CE2528+75048]&#10;	Ordinal0 [0x00CE35A0+79264]&#10;	Ordinal0 [0x00CE3539+79161]&#10;	Ordinal0 [0x00E7D607+1758727]&#10;	GetHandleVerifier [0x01086546+1050150]&#10;	GetHandleVerifier [0x01086291+1049457]&#10;	GetHandleVerifier [0x010910D7+1094071]&#10;	GetHandleVerifier [0x01086B46+1051686]&#10;	Ordinal0 [0x00E75B06+1727238]&#10;	Ordinal0 [0x00E7EB7B+1764219]&#10;	Ordinal0 [0x00E7ECE3+1764579]&#10;	Ordinal0 [0x00E94C05+1854469]&#10;	BaseThreadInitThunk [0x75AF6359+25]&#10;	RtlGetAppContainerNamedObjectPath [0x77977C24+228]&#10;	RtlGetAppContainerNamedObjectPath [0x77977BF4+180]&#10;" type="org.openqa.selenium.SessionNotCreatedException"><![CDATA[org.openqa.selenium.SessionNotCreatedException: 
session not created: This version of ChromeDriver only supports Chrome version 83
Build info: version: '3.141.59', revision: 'e82be7d358', time: '2018-11-14T08:17:03'
System info: host: 'LAPTOP-J49C07QH', ip: '192.168.200.3', os.name: 'Windows 10', os.arch: 'amd64', os.version: '10.0', java.version: '1.8.0_241'
Driver info: driver.version: ChromeDriver
remote stacktrace: Backtrace:
	Ordinal0 [0x00F69563+2725219]
	Ordinal0 [0x00E68551+1672529]
	Ordinal0 [0x00D50359+525145]
	Ordinal0 [0x00CE0B77+68471]
	Ordinal0 [0x00CDD32C+54060]
	Ordinal0 [0x00CFCC37+183351]
	Ordinal0 [0x00CFCA3D+182845]
	Ordinal0 [0x00CFA94B+174411]
	Ordinal0 [0x00CE2528+75048]
	Ordinal0 [0x00CE35A0+79264]
	Ordinal0 [0x00CE3539+79161]
	Ordinal0 [0x00E7D607+1758727]
	GetHandleVerifier [0x01086546+1050150]
	GetHandleVerifier [0x01086291+1049457]
	GetHandleVerifier [0x010910D7+1094071]
	GetHandleVerifier [0x01086B46+1051686]
	Ordinal0 [0x00E75B06+1727238]
	Ordinal0 [0x00E7EB7B+1764219]
	Ordinal0 [0x00E7ECE3+1764579]
	Ordinal0 [0x00E94C05+1854469]
	BaseThreadInitThunk [0x75AF6359+25]
	RtlGetAppContainerNamedObjectPath [0x77977C24+228]
	RtlGetAppContainerNamedObjectPath [0x77977BF4+180]

]]></failure>
    <system-err><![CDATA[log4j:WARN No appenders could be found for logger (freemarker.cache).
log4j:WARN Please initialize the log4j system properly.
log4j:WARN See http://logging.apache.org/log4j/1.2/faq.html#noconfig for more info.
Starting ChromeDriver 83.0.4103.39 (ccbf011cb2d2b19b506d844400483861342c20cd-refs/branch-heads/4103@{#416}) on port 26512
Only local connections are allowed.
Please see https://chromedriver.chromium.org/security-considerations for suggestions on keeping ChromeDriver safe.
ChromeDriver was started successfully.
]]></system-err>
  </testcase>
  <testcase name="setUP" classname="com.hrms.testcases.LoginTest" time="1.421">
    <failure message="session not created: This version of ChromeDriver only supports Chrome version 83&#10;Build info: version: &apos;3.141.59&apos;, revision: &apos;e82be7d358&apos;, time: &apos;2018-11-14T08:17:03&apos;&#10;System info: host: &apos;LAPTOP-J49C07QH&apos;, ip: &apos;192.168.200.3&apos;, os.name: &apos;Windows 10&apos;, os.arch: &apos;amd64&apos;, os.version: &apos;10.0&apos;, java.version: &apos;1.8.0_241&apos;&#10;Driver info: driver.version: ChromeDriver&#10;remote stacktrace: Backtrace:&#10;	Ordinal0 [0x00F69563+2725219]&#10;	Ordinal0 [0x00E68551+1672529]&#10;	Ordinal0 [0x00D50359+525145]&#10;	Ordinal0 [0x00CE0B77+68471]&#10;	Ordinal0 [0x00CDD32C+54060]&#10;	Ordinal0 [0x00CFCC37+183351]&#10;	Ordinal0 [0x00CFCA3D+182845]&#10;	Ordinal0 [0x00CFA94B+174411]&#10;	Ordinal0 [0x00CE2528+75048]&#10;	Ordinal0 [0x00CE35A0+79264]&#10;	Ordinal0 [0x00CE3539+79161]&#10;	Ordinal0 [0x00E7D607+1758727]&#10;	GetHandleVerifier [0x01086546+1050150]&#10;	GetHandleVerifier [0x01086291+1049457]&#10;	GetHandleVerifier [0x010910D7+1094071]&#10;	GetHandleVerifier [0x01086B46+1051686]&#10;	Ordinal0 [0x00E75B06+1727238]&#10;	Ordinal0 [0x00E7EB7B+1764219]&#10;	Ordinal0 [0x00E7ECE3+1764579]&#10;	Ordinal0 [0x00E94C05+1854469]&#10;	BaseThreadInitThunk [0x75AF6359+25]&#10;	RtlGetAppContainerNamedObjectPath [0x77977C24+228]&#10;	RtlGetAppContainerNamedObjectPath [0x77977BF4+180]&#10;" type="org.openqa.selenium.SessionNotCreatedException"><![CDATA[org.openqa.selenium.SessionNotCreatedException: 
session not created: This version of ChromeDriver only supports Chrome version 83
Build info: version: '3.141.59', revision: 'e82be7d358', time: '2018-11-14T08:17:03'
System info: host: 'LAPTOP-J49C07QH', ip: '192.168.200.3', os.name: 'Windows 10', os.arch: 'amd64', os.version: '10.0', java.version: '1.8.0_241'
Driver info: driver.version: ChromeDriver
remote stacktrace: Backtrace:
	Ordinal0 [0x00F69563+2725219]
	Ordinal0 [0x00E68551+1672529]
	Ordinal0 [0x00D50359+525145]
	Ordinal0 [0x00CE0B77+68471]
	Ordinal0 [0x00CDD32C+54060]
	Ordinal0 [0x00CFCC37+183351]
	Ordinal0 [0x00CFCA3D+182845]
	Ordinal0 [0x00CFA94B+174411]
	Ordinal0 [0x00CE2528+75048]
	Ordinal0 [0x00CE35A0+79264]
	Ordinal0 [0x00CE3539+79161]
	Ordinal0 [0x00E7D607+1758727]
	GetHandleVerifier [0x01086546+1050150]
	GetHandleVerifier [0x01086291+1049457]
	GetHandleVerifier [0x010910D7+1094071]
	GetHandleVerifier [0x01086B46+1051686]
	Ordinal0 [0x00E75B06+1727238]
	Ordinal0 [0x00E7EB7B+1764219]
	Ordinal0 [0x00E7ECE3+1764579]
	Ordinal0 [0x00E94C05+1854469]
	BaseThreadInitThunk [0x75AF6359+25]
	RtlGetAppContainerNamedObjectPath [0x77977C24+228]
	RtlGetAppContainerNamedObjectPath [0x77977BF4+180]

]]></failure>
    <system-err><![CDATA[Starting ChromeDriver 83.0.4103.39 (ccbf011cb2d2b19b506d844400483861342c20cd-refs/branch-heads/4103@{#416}) on port 17228
Only local connections are allowed.
Please see https://chromedriver.chromium.org/security-considerations for suggestions on keeping ChromeDriver safe.
ChromeDriver was started successfully.
]]></system-err>
  </testcase>
  <testcase name="positiveLoginVirefication" classname="com.hrms.testcases.LoginTest" time="0">
    <skipped message="session not created: This version of ChromeDriver only supports Chrome version 83&#10;Build info: version: &apos;3.141.59&apos;, revision: &apos;e82be7d358&apos;, time: &apos;2018-11-14T08:17:03&apos;&#10;System info: host: &apos;LAPTOP-J49C07QH&apos;, ip: &apos;192.168.200.3&apos;, os.name: &apos;Windows 10&apos;, os.arch: &apos;amd64&apos;, os.version: &apos;10.0&apos;, java.version: &apos;1.8.0_241&apos;&#10;Driver info: driver.version: ChromeDriver&#10;remote stacktrace: Backtrace:&#10;	Ordinal0 [0x00F69563+2725219]&#10;	Ordinal0 [0x00E68551+1672529]&#10;	Ordinal0 [0x00D50359+525145]&#10;	Ordinal0 [0x00CE0B77+68471]&#10;	Ordinal0 [0x00CDD32C+54060]&#10;	Ordinal0 [0x00CFCC37+183351]&#10;	Ordinal0 [0x00CFCA3D+182845]&#10;	Ordinal0 [0x00CFA94B+174411]&#10;	Ordinal0 [0x00CE2528+75048]&#10;	Ordinal0 [0x00CE35A0+79264]&#10;	Ordinal0 [0x00CE3539+79161]&#10;	Ordinal0 [0x00E7D607+1758727]&#10;	GetHandleVerifier [0x01086546+1050150]&#10;	GetHandleVerifier [0x01086291+1049457]&#10;	GetHandleVerifier [0x010910D7+1094071]&#10;	GetHandleVerifier [0x01086B46+1051686]&#10;	Ordinal0 [0x00E75B06+1727238]&#10;	Ordinal0 [0x00E7EB7B+1764219]&#10;	Ordinal0 [0x00E7ECE3+1764579]&#10;	Ordinal0 [0x00E94C05+1854469]&#10;	BaseThreadInitThunk [0x75AF6359+25]&#10;	RtlGetAppContainerNamedObjectPath [0x77977C24+228]&#10;	RtlGetAppContainerNamedObjectPath [0x77977BF4+180]&#10;"/>
    <system-out><![CDATA[Test started !!!positiveLoginVirefication
]]></system-out>
  </testcase>
  <testcase name="positiveLoginVirefication" classname="com.hrms.testcases.LoginTest" time="0">
    <skipped message="session not created: This version of ChromeDriver only supports Chrome version 83&#10;Build info: version: &apos;3.141.59&apos;, revision: &apos;e82be7d358&apos;, time: &apos;2018-11-14T08:17:03&apos;&#10;System info: host: &apos;LAPTOP-J49C07QH&apos;, ip: &apos;192.168.200.3&apos;, os.name: &apos;Windows 10&apos;, os.arch: &apos;amd64&apos;, os.version: &apos;10.0&apos;, java.version: &apos;1.8.0_241&apos;&#10;Driver info: driver.version: ChromeDriver&#10;remote stacktrace: Backtrace:&#10;	Ordinal0 [0x00F69563+2725219]&#10;	Ordinal0 [0x00E68551+1672529]&#10;	Ordinal0 [0x00D50359+525145]&#10;	Ordinal0 [0x00CE0B77+68471]&#10;	Ordinal0 [0x00CDD32C+54060]&#10;	Ordinal0 [0x00CFCC37+183351]&#10;	Ordinal0 [0x00CFCA3D+182845]&#10;	Ordinal0 [0x00CFA94B+174411]&#10;	Ordinal0 [0x00CE2528+75048]&#10;	Ordinal0 [0x00CE35A0+79264]&#10;	Ordinal0 [0x00CE3539+79161]&#10;	Ordinal0 [0x00E7D607+1758727]&#10;	GetHandleVerifier [0x01086546+1050150]&#10;	GetHandleVerifier [0x01086291+1049457]&#10;	GetHandleVerifier [0x010910D7+1094071]&#10;	GetHandleVerifier [0x01086B46+1051686]&#10;	Ordinal0 [0x00E75B06+1727238]&#10;	Ordinal0 [0x00E7EB7B+1764219]&#10;	Ordinal0 [0x00E7ECE3+1764579]&#10;	Ordinal0 [0x00E94C05+1854469]&#10;	BaseThreadInitThunk [0x75AF6359+25]&#10;	RtlGetAppContainerNamedObjectPath [0x77977C24+228]&#10;	RtlGetAppContainerNamedObjectPath [0x77977BF4+180]&#10;"/>
    <system-out><![CDATA[Test started !!!positiveLoginVirefication
]]></system-out>
  </testcase>
</testsuite>